Arguments: 
  /usr/local/bin/node /usr/local/Cellar/yarn/1.5.1_1/libexec/bin/yarn.js --cwd src/Core install

PATH: 
  /usr/local/bin:/usr/bin:/bin:/usr/sbin:/sbin:/Library/TeX/texbin:/usr/local/go/bin:/usr/local/share/dotnet:/Library/Frameworks/Mono.framework/Versions/Current/Commands:/Applications/Xamarin Workbooks.app/Contents/SharedSupport/path-bin:/Users/twitchax/bin:/Users/twitchax/bin

Yarn version: 
  1.5.1

Node version: 
  9.5.0

Platform: 
  darwin x64

npm manifest: 
  {
    "name": "termy",
    "version": "0.1.0",
    "author": {
      "name": "Aaron Roney"
    },
    "license": "MIT",
    "flat": true,
    "scripts": {
      "start": "webpack-dev-server --open --config ./webpack.dev.conf.js",
      "build": "webpack --config ./webpack.prod.conf.js",
      "builddebug": "webpack --config ./webpack.debug.conf.js"
    },
    "dependencies": {
      "@polymer/paper-elements": "next",
      "@polymer/polymer": "next",
      "@webcomponents/webcomponentsjs": "1.1.1"
    },
    "devDependencies": {
      "clean-webpack-plugin": "0.1.17",
      "copy-webpack-plugin": "4.1.0",
      "html-loader": "0.5.1",
      "html-webpack-plugin": "2.30.1",
      "ts-loader": "2.3.7",
      "typescript": "2.5.3",
      "webpack": "3.6.0",
      "webpack-dev-server": "2.9.1",
      "webpack-shell-plugin": "^0.5.0"
    }
  }

yarn manifest: 
  No manifest

Lockfile: 
  No lockfile

Trace: 
  Error: Couldn't find package "@polymer/paper-input-elements@^3.0.0-pre.4" required by "@polymer/paper-elements@next" on the "npm" registry.
      at new MessageError (/usr/local/Cellar/yarn/1.5.1_1/libexec/lib/cli.js:186:110)
      at PackageRequest.<anonymous> (/usr/local/Cellar/yarn/1.5.1_1/libexec/lib/cli.js:36274:17)
      at Generator.throw (<anonymous>)
      at step (/usr/local/Cellar/yarn/1.5.1_1/libexec/lib/cli.js:98:30)
      at /usr/local/Cellar/yarn/1.5.1_1/libexec/lib/cli.js:111:13
      at <anonymous>
      at process._tickCallback (internal/process/next_tick.js:160:7)
